<?xml version="1.0" encoding="UTF-8"?>
<!-- Generated by org.testng.reporters.JUnitReportReporter -->
<testsuite hostname="Ajitpawar" failures="0" tests="3" name="ai.oc.testlayer.HomepageTest" time="6.336" errors="0" timestamp="2024-07-19T00:08:21 IST" skipped="2">
  <testcase classname="ai.oc.testlayer.HomepageTest" name="verifyTotalPrice" time="6.336"/>
  <system-out/>
  <testcase classname="ai.oc.testlayer.HomepageTest" name="verifyAddtoCartScanario">
    <skipped/>
  </testcase> <!-- verifyAddtoCartScanario -->
  <system-out/>
  <testcase classname="ai.oc.testlayer.HomepageTest" name="verifyShoppingCartURL">
    <skipped/>
  </testcase> <!-- verifyShoppingCartURL -->
  <system-out/>
</testsuite> <!-- ai.oc.testlayer.HomepageTest -->
