<?xml version="1.0" encoding="UTF-8"?>
<!-- Generated by org.testng.reporters.JUnitReportReporter -->
<testsuite hostname="Ajitpawar" failures="0" tests="1" name="ai.oc.testlayer.TestBase" time="11.213" errors="0" timestamp="2024-07-18T14:50:29 IST" skipped="0">
  <testcase classname="ai.oc.testlayer.TestBase" name="start" time="11.213"/>
</testsuite> <!-- ai.oc.testlayer.TestBase -->
